2016-05-22 17:24:22,957 INFO [org.springframework.web.context.ContextLoader] - Root WebApplicationContext: initialization started
2016-05-22 17:24:23,067 INFO [org.springframework.web.context.support.XmlWebApplicationContext] - Refreshing Root WebApplicationContext: startup date [Sun May 22 17:24:23 CST 2016]; root of context hierarchy
2016-05-22 17:24:23,105 INFO [org.springframework.beans.factory.xml.XmlBeanDefinitionReader] - Loading XML bean definitions from class path resource [spring/applicationContext.xml]
2016-05-22 17:24:23,230 INFO [org.springframework.web.context.ContextLoader] - Root WebApplicationContext: initialization completed in 273 ms
2016-05-22 17:24:23,292 INFO [org.springframework.web.servlet.DispatcherServlet] - FrameworkServlet 'mvc': initialization started
2016-05-22 17:24:23,292 INFO [org.springframework.web.context.support.XmlWebApplicationContext] - Refreshing WebApplicationContext for namespace 'mvc-servlet': startup date [Sun May 22 17:24:23 CST 2016]; parent: Root WebApplicationContext
2016-05-22 17:24:23,292 INFO [org.springframework.beans.factory.xml.XmlBeanDefinitionReader] - Loading XML bean definitions from ServletContext resource [/WEB-INF/mvc-servlet.xml]
2016-05-22 17:24:23,662 INFO [org.springframework.beans.factory.annotation.AutowiredAnnotationBeanPostProcessor] - JSR-330 'javax.inject.Inject' annotation found and supported for autowiring
2016-05-22 17:24:23,834 INFO [org.springframework.web.servlet.mvc.method.annotation.RequestMappingHandlerMapping] - Mapped "{[/hello]}" onto public java.lang.String com.leneq.gateway.controller.Hello.sayHello()
2016-05-22 17:24:23,850 INFO [org.springframework.web.servlet.mvc.method.annotation.RequestMappingHandlerMapping] - Mapped "{[/wechat/router]}" onto public void com.leneq.gateway.controller.WeChat.router(com.leneq.gateway.domain.WechatMsg,com.leneq.gateway.domain.ParamForm,javax.servlet.http.HttpServletRequest,javax.servlet.http.HttpServletResponse)
2016-05-22 17:24:24,024 INFO [org.springframework.web.servlet.mvc.method.annotation.RequestMappingHandlerAdapter] - Looking for @ControllerAdvice: WebApplicationContext for namespace 'mvc-servlet': startup date [Sun May 22 17:24:23 CST 2016]; parent: Root WebApplicationContext
2016-05-22 17:24:24,086 INFO [org.springframework.web.servlet.mvc.method.annotation.RequestMappingHandlerAdapter] - Looking for @ControllerAdvice: WebApplicationContext for namespace 'mvc-servlet': startup date [Sun May 22 17:24:23 CST 2016]; parent: Root WebApplicationContext
2016-05-22 17:24:24,414 INFO [org.springframework.web.servlet.DispatcherServlet] - FrameworkServlet 'mvc': initialization completed in 1122 ms
2016-05-22 17:24:32,072 WARN [org.springframework.web.servlet.mvc.support.DefaultHandlerExceptionResolver] - Failed to read HTTP message: org.springframework.http.converter.HttpMessageNotReadableException: Required request body is missing: public void com.leneq.gateway.controller.WeChat.router(com.leneq.gateway.domain.WechatMsg,com.leneq.gateway.domain.ParamForm,javax.servlet.http.HttpServletRequest,javax.servlet.http.HttpServletResponse)
2016-05-22 17:24:32,088 WARN [org.springframework.web.servlet.mvc.support.DefaultHandlerExceptionResolver] - Handler execution resulted in exception: Required request body is missing: public void com.leneq.gateway.controller.WeChat.router(com.leneq.gateway.domain.WechatMsg,com.leneq.gateway.domain.ParamForm,javax.servlet.http.HttpServletRequest,javax.servlet.http.HttpServletResponse)
2016-05-25 23:08:43,897 INFO [org.springframework.web.context.ContextLoader] - Root WebApplicationContext: initialization started
2016-05-25 23:08:44,587 INFO [org.springframework.web.context.support.XmlWebApplicationContext] - Refreshing Root WebApplicationContext: startup date [Wed May 25 23:08:44 CST 2016]; root of context hierarchy
2016-05-25 23:08:45,165 INFO [org.springframework.beans.factory.xml.XmlBeanDefinitionReader] - Loading XML bean definitions from class path resource [spring/applicationContext.xml]
2016-05-25 23:08:47,310 INFO [org.springframework.web.context.ContextLoader] - Root WebApplicationContext: initialization completed in 3410 ms
2016-05-25 23:08:47,698 INFO [org.springframework.web.servlet.DispatcherServlet] - FrameworkServlet 'mvc': initialization started
2016-05-25 23:08:47,714 INFO [org.springframework.web.context.support.XmlWebApplicationContext] - Refreshing WebApplicationContext for namespace 'mvc-servlet': startup date [Wed May 25 23:08:47 CST 2016]; parent: Root WebApplicationContext
2016-05-25 23:08:47,714 INFO [org.springframework.beans.factory.xml.XmlBeanDefinitionReader] - Loading XML bean definitions from ServletContext resource [/WEB-INF/mvc-servlet.xml]
2016-05-25 23:08:49,808 INFO [org.springframework.beans.factory.annotation.AutowiredAnnotationBeanPostProcessor] - JSR-330 'javax.inject.Inject' annotation found and supported for autowiring
2016-05-25 23:08:50,475 INFO [org.springframework.web.servlet.mvc.method.annotation.RequestMappingHandlerMapping] - Mapped "{[/hello]}" onto public java.lang.String com.leneq.gateway.controller.Hello.sayHello()
2016-05-25 23:08:50,538 INFO [org.springframework.web.servlet.mvc.method.annotation.RequestMappingHandlerMapping] - Mapped "{[/wechat/router]}" onto public void com.leneq.gateway.controller.WeChat.router(com.leneq.gateway.domain.WechatMsg,com.leneq.gateway.domain.ParamForm,javax.servlet.http.HttpServletRequest,javax.servlet.http.HttpServletResponse)
2016-05-25 23:08:51,413 INFO [org.springframework.web.servlet.mvc.method.annotation.RequestMappingHandlerAdapter] - Looking for @ControllerAdvice: WebApplicationContext for namespace 'mvc-servlet': startup date [Wed May 25 23:08:47 CST 2016]; parent: Root WebApplicationContext
2016-05-25 23:08:51,546 INFO [org.springframework.web.servlet.mvc.method.annotation.RequestMappingHandlerAdapter] - Looking for @ControllerAdvice: WebApplicationContext for namespace 'mvc-servlet': startup date [Wed May 25 23:08:47 CST 2016]; parent: Root WebApplicationContext
2016-05-25 23:08:53,702 INFO [org.springframework.web.servlet.DispatcherServlet] - FrameworkServlet 'mvc': initialization completed in 6004 ms
2016-05-25 23:09:25,669 WARN [org.springframework.web.servlet.mvc.support.DefaultHandlerExceptionResolver] - Failed to read HTTP message: org.springframework.http.converter.HttpMessageNotReadableException: Required request body is missing: public void com.leneq.gateway.controller.WeChat.router(com.leneq.gateway.domain.WechatMsg,com.leneq.gateway.domain.ParamForm,javax.servlet.http.HttpServletRequest,javax.servlet.http.HttpServletResponse)
2016-05-25 23:09:25,709 WARN [org.springframework.web.servlet.mvc.support.DefaultHandlerExceptionResolver] - Handler execution resulted in exception: Required request body is missing: public void com.leneq.gateway.controller.WeChat.router(com.leneq.gateway.domain.WechatMsg,com.leneq.gateway.domain.ParamForm,javax.servlet.http.HttpServletRequest,javax.servlet.http.HttpServletResponse)
2016-05-25 23:11:54,700 INFO [org.springframework.web.context.support.XmlWebApplicationContext] - Closing WebApplicationContext for namespace 'mvc-servlet': startup date [Wed May 25 23:08:47 CST 2016]; parent: Root WebApplicationContext
2016-05-25 23:11:54,715 INFO [org.springframework.web.context.support.XmlWebApplicationContext] - Closing Root WebApplicationContext: startup date [Wed May 25 23:08:44 CST 2016]; root of context hierarchy
2016-05-25 23:11:55,053 INFO [org.springframework.web.context.ContextLoader] - Root WebApplicationContext: initialization started
2016-05-25 23:11:55,146 INFO [org.springframework.web.context.support.XmlWebApplicationContext] - Refreshing Root WebApplicationContext: startup date [Wed May 25 23:11:55 CST 2016]; root of context hierarchy
2016-05-25 23:11:55,193 INFO [org.springframework.beans.factory.xml.XmlBeanDefinitionReader] - Loading XML bean definitions from class path resource [spring/applicationContext.xml]
2016-05-25 23:11:55,315 INFO [org.springframework.web.context.ContextLoader] - Root WebApplicationContext: initialization completed in 262 ms
2016-05-25 23:11:55,346 INFO [org.springframework.web.servlet.DispatcherServlet] - FrameworkServlet 'mvc': initialization started
2016-05-25 23:11:55,362 INFO [org.springframework.web.context.support.XmlWebApplicationContext] - Refreshing WebApplicationContext for namespace 'mvc-servlet': startup date [Wed May 25 23:11:55 CST 2016]; parent: Root WebApplicationContext
2016-05-25 23:11:55,362 INFO [org.springframework.beans.factory.xml.XmlBeanDefinitionReader] - Loading XML bean definitions from ServletContext resource [/WEB-INF/mvc-servlet.xml]
2016-05-25 23:11:55,596 INFO [org.springframework.beans.factory.annotation.AutowiredAnnotationBeanPostProcessor] - JSR-330 'javax.inject.Inject' annotation found and supported for autowiring
2016-05-25 23:11:55,737 INFO [org.springframework.web.servlet.mvc.method.annotation.RequestMappingHandlerMapping] - Mapped "{[/hello]}" onto public java.lang.String com.leneq.gateway.controller.Hello.sayHello()
2016-05-25 23:11:55,737 INFO [org.springframework.web.servlet.mvc.method.annotation.RequestMappingHandlerMapping] - Mapped "{[/wechat/router]}" onto public void com.leneq.gateway.controller.WeChat.router(com.leneq.gateway.domain.WechatMsg,com.leneq.gateway.domain.ParamForm,javax.servlet.http.HttpServletRequest,javax.servlet.http.HttpServletResponse)
2016-05-25 23:11:55,877 INFO [org.springframework.web.servlet.mvc.method.annotation.RequestMappingHandlerAdapter] - Looking for @ControllerAdvice: WebApplicationContext for namespace 'mvc-servlet': startup date [Wed May 25 23:11:55 CST 2016]; parent: Root WebApplicationContext
2016-05-25 23:11:55,924 INFO [org.springframework.web.servlet.mvc.method.annotation.RequestMappingHandlerAdapter] - Looking for @ControllerAdvice: WebApplicationContext for namespace 'mvc-servlet': startup date [Wed May 25 23:11:55 CST 2016]; parent: Root WebApplicationContext
2016-05-25 23:11:56,127 INFO [org.springframework.web.servlet.DispatcherServlet] - FrameworkServlet 'mvc': initialization completed in 781 ms
2016-05-25 23:12:11,434 WARN [org.springframework.web.servlet.mvc.support.DefaultHandlerExceptionResolver] - Failed to read HTTP message: org.springframework.http.converter.HttpMessageNotReadableException: Required request body is missing: public void com.leneq.gateway.controller.WeChat.router(com.leneq.gateway.domain.WechatMsg,com.leneq.gateway.domain.ParamForm,javax.servlet.http.HttpServletRequest,javax.servlet.http.HttpServletResponse)
2016-05-25 23:12:11,435 WARN [org.springframework.web.servlet.mvc.support.DefaultHandlerExceptionResolver] - Handler execution resulted in exception: Required request body is missing: public void com.leneq.gateway.controller.WeChat.router(com.leneq.gateway.domain.WechatMsg,com.leneq.gateway.domain.ParamForm,javax.servlet.http.HttpServletRequest,javax.servlet.http.HttpServletResponse)
2016-05-25 23:12:29,548 WARN [org.springframework.web.servlet.mvc.support.DefaultHandlerExceptionResolver] - Failed to read HTTP message: org.springframework.http.converter.HttpMessageNotReadableException: Required request body is missing: public void com.leneq.gateway.controller.WeChat.router(com.leneq.gateway.domain.WechatMsg,com.leneq.gateway.domain.ParamForm,javax.servlet.http.HttpServletRequest,javax.servlet.http.HttpServletResponse)
2016-05-25 23:12:29,548 WARN [org.springframework.web.servlet.mvc.support.DefaultHandlerExceptionResolver] - Handler execution resulted in exception: Required request body is missing: public void com.leneq.gateway.controller.WeChat.router(com.leneq.gateway.domain.WechatMsg,com.leneq.gateway.domain.ParamForm,javax.servlet.http.HttpServletRequest,javax.servlet.http.HttpServletResponse)
2016-05-25 23:13:54,726 INFO [org.springframework.web.context.support.XmlWebApplicationContext] - Closing WebApplicationContext for namespace 'mvc-servlet': startup date [Wed May 25 23:11:55 CST 2016]; parent: Root WebApplicationContext
2016-05-25 23:13:54,726 INFO [org.springframework.web.context.support.XmlWebApplicationContext] - Closing Root WebApplicationContext: startup date [Wed May 25 23:11:55 CST 2016]; root of context hierarchy
2016-05-25 23:13:55,153 INFO [org.springframework.web.context.ContextLoader] - Root WebApplicationContext: initialization started
2016-05-25 23:13:55,294 INFO [org.springframework.web.context.support.XmlWebApplicationContext] - Refreshing Root WebApplicationContext: startup date [Wed May 25 23:13:55 CST 2016]; root of context hierarchy
2016-05-25 23:13:55,342 INFO [org.springframework.beans.factory.xml.XmlBeanDefinitionReader] - Loading XML bean definitions from class path resource [spring/applicationContext.xml]
2016-05-25 23:13:55,436 INFO [org.springframework.web.context.ContextLoader] - Root WebApplicationContext: initialization completed in 283 ms
2016-05-25 23:13:55,467 INFO [org.springframework.web.servlet.DispatcherServlet] - FrameworkServlet 'mvc': initialization started
2016-05-25 23:13:55,467 INFO [org.springframework.web.context.support.XmlWebApplicationContext] - Refreshing WebApplicationContext for namespace 'mvc-servlet': startup date [Wed May 25 23:13:55 CST 2016]; parent: Root WebApplicationContext
2016-05-25 23:13:55,467 INFO [org.springframework.beans.factory.xml.XmlBeanDefinitionReader] - Loading XML bean definitions from ServletContext resource [/WEB-INF/mvc-servlet.xml]
2016-05-25 23:13:55,764 INFO [org.springframework.beans.factory.annotation.AutowiredAnnotationBeanPostProcessor] - JSR-330 'javax.inject.Inject' annotation found and supported for autowiring
2016-05-25 23:13:55,967 INFO [org.springframework.web.servlet.mvc.method.annotation.RequestMappingHandlerMapping] - Mapped "{[/hello]}" onto public java.lang.String com.leneq.gateway.controller.Hello.sayHello()
2016-05-25 23:13:56,061 INFO [org.springframework.web.servlet.mvc.method.annotation.RequestMappingHandlerMapping] - Mapped "{[/wechat/router]}" onto public void com.leneq.gateway.controller.WeChat.router(com.leneq.gateway.domain.WechatMsg,com.leneq.gateway.domain.ParamForm,javax.servlet.http.HttpServletRequest,javax.servlet.http.HttpServletResponse)
2016-05-25 23:13:56,155 INFO [org.springframework.web.servlet.mvc.method.annotation.RequestMappingHandlerAdapter] - Looking for @ControllerAdvice: WebApplicationContext for namespace 'mvc-servlet': startup date [Wed May 25 23:13:55 CST 2016]; parent: Root WebApplicationContext
2016-05-25 23:13:56,217 INFO [org.springframework.web.servlet.mvc.method.annotation.RequestMappingHandlerAdapter] - Looking for @ControllerAdvice: WebApplicationContext for namespace 'mvc-servlet': startup date [Wed May 25 23:13:55 CST 2016]; parent: Root WebApplicationContext
2016-05-25 23:13:56,498 INFO [org.springframework.web.servlet.DispatcherServlet] - FrameworkServlet 'mvc': initialization completed in 1031 ms
2016-05-25 23:14:44,762 INFO [org.springframework.web.context.support.XmlWebApplicationContext] - Closing WebApplicationContext for namespace 'mvc-servlet': startup date [Wed May 25 23:13:55 CST 2016]; parent: Root WebApplicationContext
2016-05-25 23:14:44,762 INFO [org.springframework.web.context.support.XmlWebApplicationContext] - Closing Root WebApplicationContext: startup date [Wed May 25 23:13:55 CST 2016]; root of context hierarchy
2016-05-25 23:14:45,013 INFO [org.springframework.web.context.ContextLoader] - Root WebApplicationContext: initialization started
2016-05-25 23:14:45,169 INFO [org.springframework.web.context.support.XmlWebApplicationContext] - Refreshing Root WebApplicationContext: startup date [Wed May 25 23:14:45 CST 2016]; root of context hierarchy
2016-05-25 23:14:45,216 INFO [org.springframework.beans.factory.xml.XmlBeanDefinitionReader] - Loading XML bean definitions from class path resource [spring/applicationContext.xml]
2016-05-25 23:14:45,263 INFO [org.springframework.web.context.ContextLoader] - Root WebApplicationContext: initialization completed in 250 ms
2016-05-25 23:14:45,287 INFO [org.springframework.web.servlet.DispatcherServlet] - FrameworkServlet 'mvc': initialization started
2016-05-25 23:14:45,303 INFO [org.springframework.web.context.support.XmlWebApplicationContext] - Refreshing WebApplicationContext for namespace 'mvc-servlet': startup date [Wed May 25 23:14:45 CST 2016]; parent: Root WebApplicationContext
2016-05-25 23:14:45,303 INFO [org.springframework.beans.factory.xml.XmlBeanDefinitionReader] - Loading XML bean definitions from ServletContext resource [/WEB-INF/mvc-servlet.xml]
2016-05-25 23:14:45,537 INFO [org.springframework.beans.factory.annotation.AutowiredAnnotationBeanPostProcessor] - JSR-330 'javax.inject.Inject' annotation found and supported for autowiring
2016-05-25 23:14:45,662 INFO [org.springframework.web.servlet.mvc.method.annotation.RequestMappingHandlerMapping] - Mapped "{[/hello]}" onto public java.lang.String com.leneq.gateway.controller.Hello.sayHello()
2016-05-25 23:14:45,678 INFO [org.springframework.web.servlet.mvc.method.annotation.RequestMappingHandlerMapping] - Mapped "{[/wechat/router]}" onto public void com.leneq.gateway.controller.WeChat.router(com.leneq.gateway.domain.ParamForm,javax.servlet.http.HttpServletRequest,javax.servlet.http.HttpServletResponse)
2016-05-25 23:14:45,787 INFO [org.springframework.web.servlet.mvc.method.annotation.RequestMappingHandlerAdapter] - Looking for @ControllerAdvice: WebApplicationContext for namespace 'mvc-servlet': startup date [Wed May 25 23:14:45 CST 2016]; parent: Root WebApplicationContext
2016-05-25 23:14:45,834 INFO [org.springframework.web.servlet.mvc.method.annotation.RequestMappingHandlerAdapter] - Looking for @ControllerAdvice: WebApplicationContext for namespace 'mvc-servlet': startup date [Wed May 25 23:14:45 CST 2016]; parent: Root WebApplicationContext
2016-05-25 23:14:46,115 INFO [org.springframework.web.servlet.DispatcherServlet] - FrameworkServlet 'mvc': initialization completed in 828 ms
2016-05-25 23:15:31,758 INFO [org.springframework.web.context.ContextLoader] - Root WebApplicationContext: initialization started
2016-05-25 23:15:31,869 INFO [org.springframework.web.context.support.XmlWebApplicationContext] - Refreshing Root WebApplicationContext: startup date [Wed May 25 23:15:31 CST 2016]; root of context hierarchy
2016-05-25 23:15:31,916 INFO [org.springframework.beans.factory.xml.XmlBeanDefinitionReader] - Loading XML bean definitions from class path resource [spring/applicationContext.xml]
2016-05-25 23:15:32,057 INFO [org.springframework.web.context.ContextLoader] - Root WebApplicationContext: initialization completed in 298 ms
2016-05-25 23:15:32,135 INFO [org.springframework.web.servlet.DispatcherServlet] - FrameworkServlet 'mvc': initialization started
2016-05-25 23:15:32,151 INFO [org.springframework.web.context.support.XmlWebApplicationContext] - Refreshing WebApplicationContext for namespace 'mvc-servlet': startup date [Wed May 25 23:15:32 CST 2016]; parent: Root WebApplicationContext
2016-05-25 23:15:32,151 INFO [org.springframework.beans.factory.xml.XmlBeanDefinitionReader] - Loading XML bean definitions from ServletContext resource [/WEB-INF/mvc-servlet.xml]
2016-05-25 23:15:32,572 INFO [org.springframework.beans.factory.annotation.AutowiredAnnotationBeanPostProcessor] - JSR-330 'javax.inject.Inject' annotation found and supported for autowiring
2016-05-25 23:15:32,791 INFO [org.springframework.web.servlet.mvc.method.annotation.RequestMappingHandlerMapping] - Mapped "{[/hello]}" onto public java.lang.String com.leneq.gateway.controller.Hello.sayHello()
2016-05-25 23:15:32,796 INFO [org.springframework.web.servlet.mvc.method.annotation.RequestMappingHandlerMapping] - Mapped "{[/wechat/router]}" onto public void com.leneq.gateway.controller.WeChat.router(com.leneq.gateway.domain.ParamForm,javax.servlet.http.HttpServletRequest,javax.servlet.http.HttpServletResponse)
2016-05-25 23:15:33,030 INFO [org.springframework.web.servlet.mvc.method.annotation.RequestMappingHandlerAdapter] - Looking for @ControllerAdvice: WebApplicationContext for namespace 'mvc-servlet': startup date [Wed May 25 23:15:32 CST 2016]; parent: Root WebApplicationContext
2016-05-25 23:15:33,108 INFO [org.springframework.web.servlet.mvc.method.annotation.RequestMappingHandlerAdapter] - Looking for @ControllerAdvice: WebApplicationContext for namespace 'mvc-servlet': startup date [Wed May 25 23:15:32 CST 2016]; parent: Root WebApplicationContext
2016-05-25 23:15:33,514 INFO [org.springframework.web.servlet.DispatcherServlet] - FrameworkServlet 'mvc': initialization completed in 1379 ms
2016-05-25 23:16:24,054 INFO [org.springframework.web.context.support.XmlWebApplicationContext] - Closing WebApplicationContext for namespace 'mvc-servlet': startup date [Wed May 25 23:15:32 CST 2016]; parent: Root WebApplicationContext
2016-05-25 23:16:24,085 INFO [org.springframework.web.context.support.XmlWebApplicationContext] - Closing Root WebApplicationContext: startup date [Wed May 25 23:15:31 CST 2016]; root of context hierarchy
2016-05-25 23:16:24,636 INFO [org.springframework.web.context.ContextLoader] - Root WebApplicationContext: initialization started
2016-05-25 23:16:24,746 INFO [org.springframework.web.context.support.XmlWebApplicationContext] - Refreshing Root WebApplicationContext: startup date [Wed May 25 23:16:24 CST 2016]; root of context hierarchy
2016-05-25 23:16:24,793 INFO [org.springframework.beans.factory.xml.XmlBeanDefinitionReader] - Loading XML bean definitions from class path resource [spring/applicationContext.xml]
2016-05-25 23:16:24,856 INFO [org.springframework.web.context.ContextLoader] - Root WebApplicationContext: initialization completed in 219 ms
2016-05-25 23:16:24,903 INFO [org.springframework.web.servlet.DispatcherServlet] - FrameworkServlet 'mvc': initialization started
2016-05-25 23:16:24,903 INFO [org.springframework.web.context.support.XmlWebApplicationContext] - Refreshing WebApplicationContext for namespace 'mvc-servlet': startup date [Wed May 25 23:16:24 CST 2016]; parent: Root WebApplicationContext
2016-05-25 23:16:24,903 INFO [org.springframework.beans.factory.xml.XmlBeanDefinitionReader] - Loading XML bean definitions from ServletContext resource [/WEB-INF/mvc-servlet.xml]
2016-05-25 23:16:25,153 INFO [org.springframework.beans.factory.annotation.AutowiredAnnotationBeanPostProcessor] - JSR-330 'javax.inject.Inject' annotation found and supported for autowiring
2016-05-25 23:16:25,309 INFO [org.springframework.web.servlet.mvc.method.annotation.RequestMappingHandlerMapping] - Mapped "{[/hello]}" onto public java.lang.String com.leneq.gateway.controller.Hello.sayHello()
2016-05-25 23:16:25,309 INFO [org.springframework.web.servlet.mvc.method.annotation.RequestMappingHandlerMapping] - Mapped "{[/wechat/router]}" onto public void com.leneq.gateway.controller.WeChat.router(com.leneq.gateway.domain.ParamForm,javax.servlet.http.HttpServletRequest,javax.servlet.http.HttpServletResponse)
2016-05-25 23:16:25,450 INFO [org.springframework.web.servlet.mvc.method.annotation.RequestMappingHandlerAdapter] - Looking for @ControllerAdvice: WebApplicationContext for namespace 'mvc-servlet': startup date [Wed May 25 23:16:24 CST 2016]; parent: Root WebApplicationContext
2016-05-25 23:16:25,528 INFO [org.springframework.web.servlet.mvc.method.annotation.RequestMappingHandlerAdapter] - Looking for @ControllerAdvice: WebApplicationContext for namespace 'mvc-servlet': startup date [Wed May 25 23:16:24 CST 2016]; parent: Root WebApplicationContext
2016-05-25 23:16:25,856 INFO [org.springframework.web.servlet.DispatcherServlet] - FrameworkServlet 'mvc': initialization completed in 953 ms
2016-05-25 23:20:47,001 INFO [org.springframework.web.context.ContextLoader] - Root WebApplicationContext: initialization started
2016-05-25 23:20:47,095 INFO [org.springframework.web.context.support.XmlWebApplicationContext] - Refreshing Root WebApplicationContext: startup date [Wed May 25 23:20:47 CST 2016]; root of context hierarchy
2016-05-25 23:20:47,126 INFO [org.springframework.beans.factory.xml.XmlBeanDefinitionReader] - Loading XML bean definitions from class path resource [spring/applicationContext.xml]
2016-05-25 23:20:47,246 INFO [org.springframework.web.context.ContextLoader] - Root WebApplicationContext: initialization completed in 245 ms
2016-05-25 23:20:47,308 INFO [org.springframework.web.servlet.DispatcherServlet] - FrameworkServlet 'mvc': initialization started
2016-05-25 23:20:47,308 INFO [org.springframework.web.context.support.XmlWebApplicationContext] - Refreshing WebApplicationContext for namespace 'mvc-servlet': startup date [Wed May 25 23:20:47 CST 2016]; parent: Root WebApplicationContext
2016-05-25 23:20:47,324 INFO [org.springframework.beans.factory.xml.XmlBeanDefinitionReader] - Loading XML bean definitions from ServletContext resource [/WEB-INF/mvc-servlet.xml]
2016-05-25 23:20:47,652 INFO [org.springframework.beans.factory.annotation.AutowiredAnnotationBeanPostProcessor] - JSR-330 'javax.inject.Inject' annotation found and supported for autowiring
2016-05-25 23:20:47,824 INFO [org.springframework.web.servlet.mvc.method.annotation.RequestMappingHandlerMapping] - Mapped "{[/hello]}" onto public java.lang.String com.leneq.gateway.controller.Hello.sayHello()
2016-05-25 23:20:47,824 INFO [org.springframework.web.servlet.mvc.method.annotation.RequestMappingHandlerMapping] - Mapped "{[/wechat/router]}" onto public void com.leneq.gateway.controller.WeChat.router(com.leneq.gateway.domain.ParamForm,javax.servlet.http.HttpServletRequest,javax.servlet.http.HttpServletResponse)
2016-05-25 23:20:48,011 INFO [org.springframework.web.servlet.mvc.method.annotation.RequestMappingHandlerAdapter] - Looking for @ControllerAdvice: WebApplicationContext for namespace 'mvc-servlet': startup date [Wed May 25 23:20:47 CST 2016]; parent: Root WebApplicationContext
2016-05-25 23:20:48,058 INFO [org.springframework.web.servlet.mvc.method.annotation.RequestMappingHandlerAdapter] - Looking for @ControllerAdvice: WebApplicationContext for namespace 'mvc-servlet': startup date [Wed May 25 23:20:47 CST 2016]; parent: Root WebApplicationContext
2016-05-25 23:20:48,355 INFO [org.springframework.web.servlet.DispatcherServlet] - FrameworkServlet 'mvc': initialization completed in 1047 ms
